* installing *source* package ‘SummArIzeR’ ...
** using staged installation
** R
** inst
** byte-compile and prepare package for lazy loading
Warning: replacing previous import ‘dplyr::as_data_frame’ by ‘igraph::as_data_frame’ when loading ‘SummArIzeR’
Warning: replacing previous import ‘dplyr::groups’ by ‘igraph::groups’ when loading ‘SummArIzeR’
Warning: replacing previous import ‘dplyr::union’ by ‘igraph::union’ when loading ‘SummArIzeR’
Warning: replacing previous import ‘circlize::degree’ by ‘igraph::degree’ when loading ‘SummArIzeR’
Warning: replacing previous import ‘ComplexHeatmap::add_heatmap’ by ‘plotly::add_heatmap’ when loading ‘SummArIzeR’
Warning: replacing previous import ‘igraph::groups’ by ‘plotly::groups’ when loading ‘SummArIzeR’
Warning: replacing previous import ‘igraph::crossing’ by ‘tidyr::crossing’ when loading ‘SummArIzeR’
** help
*** installing help indices
** building package indices
** installing vignettes
** testing if installed package can be loaded from temporary location
Warning: replacing previous import ‘dplyr::as_data_frame’ by ‘igraph::as_data_frame’ when loading ‘SummArIzeR’
Warning: replacing previous import ‘dplyr::groups’ by ‘igraph::groups’ when loading ‘SummArIzeR’
Warning: replacing previous import ‘dplyr::union’ by ‘igraph::union’ when loading ‘SummArIzeR’
Warning: replacing previous import ‘circlize::degree’ by ‘igraph::degree’ when loading ‘SummArIzeR’
Warning: replacing previous import ‘ComplexHeatmap::add_heatmap’ by ‘plotly::add_heatmap’ when loading ‘SummArIzeR’
Warning: replacing previous import ‘igraph::groups’ by ‘plotly::groups’ when loading ‘SummArIzeR’
Warning: replacing previous import ‘igraph::crossing’ by ‘tidyr::crossing’ when loading ‘SummArIzeR’
** testing if installed package can be loaded from final location
Warning: replacing previous import ‘dplyr::as_data_frame’ by ‘igraph::as_data_frame’ when loading ‘SummArIzeR’
Warning: replacing previous import ‘dplyr::groups’ by ‘igraph::groups’ when loading ‘SummArIzeR’
Warning: replacing previous import ‘dplyr::union’ by ‘igraph::union’ when loading ‘SummArIzeR’
Warning: replacing previous import ‘circlize::degree’ by ‘igraph::degree’ when loading ‘SummArIzeR’
Warning: replacing previous import ‘ComplexHeatmap::add_heatmap’ by ‘plotly::add_heatmap’ when loading ‘SummArIzeR’
Warning: replacing previous import ‘igraph::groups’ by ‘plotly::groups’ when loading ‘SummArIzeR’
Warning: replacing previous import ‘igraph::crossing’ by ‘tidyr::crossing’ when loading ‘SummArIzeR’
** testing if installed package keeps a record of temporary installation path
* DONE (SummArIzeR)
